<?xml version="1.0" encoding="UTF-8"?>
<!-- Generated by org.testng.reporters.JUnitReportReporter -->
<testsuite hostname="DESKTOP-G3K29R7" failures="0" tests="7" name="com.example.demo.TestAadharApplication" time="1.661" errors="0" timestamp="2023-08-03T12:11:25 IST" skipped="5">
  <testcase classname="com.example.demo.TestAadharApplication" name="adminloginTest" time="1.592">
    <system-out>
      <![CDATA[Admin Login Testes Successfully!]]>
    </system-out>
  </testcase> <!-- adminloginTest -->
  <testcase classname="com.example.demo.TestAadharApplication" name="deleteCitizenTest" time="0.069"/>
  <testcase classname="com.example.demo.TestAadharApplication" name="applyAadharTest">
    <skipped/>
  </testcase> <!-- applyAadharTest -->
  <testcase classname="com.example.demo.TestAadharApplication" name="updateAadharTest">
    <skipped/>
  </testcase> <!-- updateAadharTest -->
  <testcase classname="com.example.demo.TestAadharApplication" name="userLoginTest">
    <skipped/>
  </testcase> <!-- userLoginTest -->
  <testcase classname="com.example.demo.TestAadharApplication" name="viewAadharTest">
    <skipped/>
  </testcase> <!-- viewAadharTest -->
  <testcase classname="com.example.demo.TestAadharApplication" name="aadharApproveTest">
    <skipped/>
  </testcase> <!-- aadharApproveTest -->
  <system-out>
    <![CDATA[Admin Login Testes Successfully!]]>
  </system-out>
</testsuite> <!-- com.example.demo.TestAadharApplication -->
